2022-04-28 02:01:08.493  INFO 22652 --- [main] com.backend.BackendApplication           : Starting BackendApplication using Java 17.0.2 on DESKTOP-SCLQTE9 with PID 22652 (D:\__UTCN\Anul_III_Sem_II\SD\FoodPanda_Project\Backend\target\classes started by matei in D:\__UTCN\Anul_III_Sem_II\SD\FoodPanda_Project\Backend)
2022-04-28 02:01:08.500  INFO 22652 --- [main] com.backend.BackendApplication           : No active profile set, falling back to 1 default profile: "default"
2022-04-28 02:01:09.508  INFO 22652 --- [main] .s.d.r.c.RepositoryConfigurationDelegate : Bootstrapping Spring Data JPA repositories in DEFAULT mode.
2022-04-28 02:01:09.618  INFO 22652 --- [main] .s.d.r.c.RepositoryConfigurationDelegate : Finished Spring Data repository scanning in 98 ms. Found 8 JPA repository interfaces.
2022-04-28 02:01:10.500  INFO 22652 --- [main] o.s.b.w.embedded.tomcat.TomcatWebServer  : Tomcat initialized with port(s): 8080 (http)
2022-04-28 02:01:10.515  INFO 22652 --- [main] o.apache.catalina.core.StandardService   : Starting service [Tomcat]
2022-04-28 02:01:10.516  INFO 22652 --- [main] org.apache.catalina.core.StandardEngine  : Starting Servlet engine: [Apache Tomcat/9.0.60]
2022-04-28 02:01:10.693  INFO 22652 --- [main] o.a.c.c.C.[.[.[/api/foodpanda]           : Initializing Spring embedded WebApplicationContext
2022-04-28 02:01:10.694  INFO 22652 --- [main] w.s.c.ServletWebServerApplicationContext : Root WebApplicationContext: initialization completed in 2125 ms
2022-04-28 02:01:11.032  INFO 22652 --- [main] o.hibernate.jpa.internal.util.LogHelper  : HHH000204: Processing PersistenceUnitInfo [name: default]
2022-04-28 02:01:11.128  INFO 22652 --- [main] org.hibernate.Version                    : HHH000412: Hibernate ORM core version 5.6.7.Final
2022-04-28 02:01:11.389  INFO 22652 --- [main] o.hibernate.annotations.common.Version   : HCANN000001: Hibernate Commons Annotations {5.1.2.Final}
2022-04-28 02:01:11.517  INFO 22652 --- [main] com.zaxxer.hikari.HikariDataSource       : HikariPool-1 - Starting...
2022-04-28 02:01:11.674  INFO 22652 --- [main] com.zaxxer.hikari.HikariDataSource       : HikariPool-1 - Start completed.
2022-04-28 02:01:11.701  INFO 22652 --- [main] org.hibernate.dialect.Dialect            : HHH000400: Using dialect: org.hibernate.dialect.MySQL8Dialect
2022-04-28 02:01:12.532  INFO 22652 --- [main] o.h.e.t.j.p.i.JtaPlatformInitiator       : HHH000490: Using JtaPlatform implementation: [org.hibernate.engine.transaction.jta.platform.internal.NoJtaPlatform]
2022-04-28 02:01:12.547  INFO 22652 --- [main] j.LocalContainerEntityManagerFactoryBean : Initialized JPA EntityManagerFactory for persistence unit 'default'
2022-04-28 02:01:13.172  WARN 22652 --- [main] JpaBaseConfiguration$JpaWebConfiguration : spring.jpa.open-in-view is enabled by default. Therefore, database queries may be performed during view rendering. Explicitly configure spring.jpa.open-in-view to disable this warning
2022-04-28 02:01:13.442  INFO 22652 --- [main] o.s.s.web.DefaultSecurityFilterChain     : Will not secure any request
2022-04-28 02:01:13.711  INFO 22652 --- [main] o.s.b.w.embedded.tomcat.TomcatWebServer  : Tomcat started on port(s): 8080 (http) with context path '/api/foodpanda'
2022-04-28 02:01:13.719  INFO 22652 --- [main] com.backend.BackendApplication           : Started BackendApplication in 5.904 seconds (JVM running for 6.795)
2022-04-28 02:01:19.547  INFO 22652 --- [http-nio-8080-exec-1] o.a.c.c.C.[.[.[/api/foodpanda]           : Initializing Spring DispatcherServlet 'dispatcherServlet'
2022-04-28 02:01:19.548  INFO 22652 --- [http-nio-8080-exec-1] o.s.web.servlet.DispatcherServlet        : Initializing Servlet 'dispatcherServlet'
2022-04-28 02:01:19.549  INFO 22652 --- [http-nio-8080-exec-1] o.s.web.servlet.DispatcherServlet        : Completed initialization in 1 ms
2022-04-28 02:40:07.484  INFO 22652 --- [SpringApplicationShutdownHook] j.LocalContainerEntityManagerFactoryBean : Closing JPA EntityManagerFactory for persistence unit 'default'
2022-04-28 02:40:07.487  INFO 22652 --- [SpringApplicationShutdownHook] com.zaxxer.hikari.HikariDataSource       : HikariPool-1 - Shutdown initiated...
2022-04-28 02:40:07.490  INFO 22652 --- [SpringApplicationShutdownHook] com.zaxxer.hikari.HikariDataSource       : HikariPool-1 - Shutdown completed.
