2022-05-12 01:34:35 INFO  AuthController:77 - Called AuthController::loginUser
  2022-05-12 01:34:35 INFO  AuthController:83 - User logs into application with credentials: UserDto{email='mateitavis@gmail.com', name='Octavian', role=Buyer, location=1}
  2022-05-12 01:34:35 INFO  RestaurantInformationController:47 - List of restaurants retrieved with the following information:
  2022-05-12 01:34:35 INFO  RestaurantInformationController:1511 - UserDto{email='mc@gmail.com', name='Mc', role=Restaurant, location=1}
  2022-05-12 01:34:35 INFO  RestaurantInformationController:1511 - UserDto{email='kfc@gmail.com', name='kfc', role=Restaurant, location=1}
  2022-05-12 01:34:35 INFO  RestaurantInformationController:1511 - UserDto{email='kfc2@gmail.com', name='Kfc Marasti', role=Restaurant, location=1}
  2022-05-12 01:34:35 INFO  RestaurantInformationController:1511 - UserDto{email='mateitavisss@gmail.com', name='Another Taste', role=Restaurant, location=1}
  2022-05-12 01:34:35 INFO  RestaurantInformationController:1511 - UserDto{email='imperial@gmail.com', name='Imperial', role=Restaurant, location=1}
  2022-05-12 01:34:39 INFO  RestaurantInformationController:100 - Restaurant retrieved with the following information: UserDto{email='mc@gmail.com', name='Mc', role=Restaurant, location=1}
  2022-05-12 01:34:39 INFO  RestaurantInformationController:103 - Restaurant food retrieved
  2022-05-12 01:34:39 INFO  RestaurantInformationController:1511 - RestaurantfoodDto{restaurant=1, foodName='McPuisor', foodDescription='Classic', foodCategory=5, price=5, quantity=null}
  2022-05-12 01:34:39 INFO  RestaurantInformationController:1511 - RestaurantfoodDto{restaurant=1, foodName='McCoffee', foodDescription='Cafea', foodCategory=4, price=3, quantity=null}
  2022-05-12 01:34:39 INFO  RestaurantInformationController:1511 - RestaurantfoodDto{restaurant=1, foodName='McBurger', foodDescription='Classic 2', foodCategory=5, price=10, quantity=null}
  2022-05-12 01:34:40 INFO  CartController:100 - From user UserDto{email='mateitavis@gmail.com', name='Octavian', role=Buyer, location=1} added to the cart:
[RestaurantfoodDto{restaurant=1, foodName='McPuisor', foodDescription='Classic', foodCategory=5, price=5, quantity=1}]
  2022-05-12 01:34:41 INFO  CartController:100 - From user UserDto{email='mateitavis@gmail.com', name='Octavian', role=Buyer, location=1} added to the cart:
[RestaurantfoodDto{restaurant=1, foodName='McPuisor', foodDescription='Classic', foodCategory=5, price=5, quantity=1}, RestaurantfoodDto{restaurant=1, foodName='McBurger', foodDescription='Classic 2', foodCategory=5, price=10, quantity=1}]
  2022-05-12 01:34:42 INFO  CartController:100 - From user UserDto{email='mateitavis@gmail.com', name='Octavian', role=Buyer, location=1} added to the cart:
[RestaurantfoodDto{restaurant=1, foodName='McPuisor', foodDescription='Classic', foodCategory=5, price=5, quantity=1}, RestaurantfoodDto{restaurant=1, foodName='McBurger', foodDescription='Classic 2', foodCategory=5, price=10, quantity=1}, RestaurantfoodDto{restaurant=1, foodName='McCoffee', foodDescription='Cafea', foodCategory=4, price=3, quantity=1}]
  2022-05-12 01:34:44 INFO  CartController:46 - From user UserDto{email='mateitavis@gmail.com', name='Octavian', role=Buyer, location=1} got the cart:
  2022-05-12 01:34:44 INFO  CartController:1511 - RestaurantfoodDto{restaurant=1, foodName='McPuisor', foodDescription='Classic', foodCategory=5, price=5, quantity=1}
  2022-05-12 01:34:44 INFO  CartController:1511 - RestaurantfoodDto{restaurant=1, foodName='McBurger', foodDescription='Classic 2', foodCategory=5, price=10, quantity=1}
  2022-05-12 01:34:44 INFO  CartController:1511 - RestaurantfoodDto{restaurant=1, foodName='McCoffee', foodDescription='Cafea', foodCategory=4, price=3, quantity=1}
  2022-05-12 01:34:51 INFO  CartController:127 - From user UserDto{email='mateitavis@gmail.com', name='Octavian', role=Buyer, location=1} submitted order
  2022-05-12 01:34:53 INFO  CartController:46 - From user UserDto{email='mateitavis@gmail.com', name='Octavian', role=Buyer, location=1} got the cart:
  2022-05-12 01:34:56 INFO  RestaurantInformationController:47 - List of restaurants retrieved with the following information:
  2022-05-12 01:34:56 INFO  RestaurantInformationController:1511 - UserDto{email='mc@gmail.com', name='Mc', role=Restaurant, location=1}
  2022-05-12 01:34:56 INFO  RestaurantInformationController:1511 - UserDto{email='kfc@gmail.com', name='kfc', role=Restaurant, location=1}
  2022-05-12 01:34:56 INFO  RestaurantInformationController:1511 - UserDto{email='kfc2@gmail.com', name='Kfc Marasti', role=Restaurant, location=1}
  2022-05-12 01:34:56 INFO  RestaurantInformationController:1511 - UserDto{email='mateitavisss@gmail.com', name='Another Taste', role=Restaurant, location=1}
  2022-05-12 01:34:56 INFO  RestaurantInformationController:1511 - UserDto{email='imperial@gmail.com', name='Imperial', role=Restaurant, location=1}
  2022-05-12 01:34:56 INFO  RestaurantInformationController:100 - Restaurant retrieved with the following information: UserDto{email='mc@gmail.com', name='Mc', role=Restaurant, location=1}
  2022-05-12 01:34:56 INFO  RestaurantInformationController:103 - Restaurant food retrieved
  2022-05-12 01:34:56 INFO  RestaurantInformationController:1511 - RestaurantfoodDto{restaurant=1, foodName='McPuisor', foodDescription='Classic', foodCategory=5, price=5, quantity=null}
  2022-05-12 01:34:56 INFO  RestaurantInformationController:1511 - RestaurantfoodDto{restaurant=1, foodName='McCoffee', foodDescription='Cafea', foodCategory=4, price=3, quantity=null}
  2022-05-12 01:34:56 INFO  RestaurantInformationController:1511 - RestaurantfoodDto{restaurant=1, foodName='McBurger', foodDescription='Classic 2', foodCategory=5, price=10, quantity=null}
  2022-05-12 01:34:57 INFO  CartController:100 - From user UserDto{email='mateitavis@gmail.com', name='Octavian', role=Buyer, location=1} added to the cart:
[RestaurantfoodDto{restaurant=1, foodName='McBurger', foodDescription='Classic 2', foodCategory=5, price=10, quantity=1}]
  2022-05-12 01:34:59 INFO  CartController:46 - From user UserDto{email='mateitavis@gmail.com', name='Octavian', role=Buyer, location=1} got the cart:
  2022-05-12 01:34:59 INFO  CartController:1511 - RestaurantfoodDto{restaurant=1, foodName='McBurger', foodDescription='Classic 2', foodCategory=5, price=10, quantity=1}
  2022-05-12 01:35:01 INFO  CartController:46 - From user UserDto{email='mateitavis@gmail.com', name='Octavian', role=Buyer, location=1} got the cart:
  2022-05-12 01:35:01 ERROR CartController:55 - Error from CartController::getCart with error Cannot invoke "java.util.List.forEach(java.util.function.Consumer)" because "userCart" is null
  2022-05-12 01:35:05 INFO  BuyerController:43 - Called BuyerController::getAllOrders
  2022-05-12 01:35:05 INFO  OrderController:46 - Retrieved the list of food status:
  2022-05-12 01:35:05 INFO  OrderController:1511 - Status: DECLINED
  2022-05-12 01:35:05 INFO  OrderController:1511 - Status: PENDING
  2022-05-12 01:35:05 INFO  OrderController:1511 - Status: ACCEPTED
  2022-05-12 01:35:05 INFO  OrderController:1511 - Status: IN DELIVERY
  2022-05-12 01:35:05 INFO  OrderController:1511 - Status: DELIVERED
  2022-05-12 01:35:05 INFO  BuyerController:48 - Got all orders from user UserDto{email='mateitavis@gmail.com', name='Octavian', role=Buyer, location=1}with orders:
  2022-05-12 01:35:05 INFO  BuyerController:1511 - OrderWithDetailsDto{order=53, foodDtoList=[RestaurantfoodDto{restaurant=1, foodName='McBurger', foodDescription='Classic 2', foodCategory=5, price=10, quantity=6}], price=60}
  2022-05-12 01:35:05 INFO  BuyerController:1511 - OrderWithDetailsDto{order=54, foodDtoList=[RestaurantfoodDto{restaurant=1, foodName='McBurger', foodDescription='Classic 2', foodCategory=5, price=10, quantity=7}], price=70}
  2022-05-12 01:35:05 INFO  BuyerController:1511 - OrderWithDetailsDto{order=55, foodDtoList=[RestaurantfoodDto{restaurant=1, foodName='McPuisor', foodDescription='Classic', foodCategory=5, price=5, quantity=4}, RestaurantfoodDto{restaurant=1, foodName='McBurger', foodDescription='Classic 2', foodCategory=5, price=10, quantity=3}, RestaurantfoodDto{restaurant=1, foodName='McCoffee', foodDescription='Cafea', foodCategory=4, price=3, quantity=4}], price=62}
  2022-05-12 01:35:05 INFO  BuyerController:1511 - OrderWithDetailsDto{order=65, foodDtoList=[RestaurantfoodDto{restaurant=21, foodName='Imperial Lunch', foodDescription='A tasty stuff', foodCategory=2, price=100, quantity=1}, RestaurantfoodDto{restaurant=21, foodName='Sth', foodDescription='Da', foodCategory=1, price=10, quantity=1}], price=110}
  2022-05-12 01:35:05 INFO  BuyerController:1511 - OrderWithDetailsDto{order=66, foodDtoList=[RestaurantfoodDto{restaurant=21, foodName='Sth', foodDescription='Da', foodCategory=1, price=10, quantity=1}, RestaurantfoodDto{restaurant=21, foodName='Imperial Coffee', foodDescription='The very best', foodCategory=4, price=20, quantity=1}, RestaurantfoodDto{restaurant=21, foodName='Imperial Lunch', foodDescription='A tasty stuff', foodCategory=2, price=100, quantity=1}], price=130}
  2022-05-12 01:35:05 INFO  BuyerController:1511 - OrderWithDetailsDto{order=67, foodDtoList=[RestaurantfoodDto{restaurant=1, foodName='McPuisor', foodDescription='Classic', foodCategory=5, price=5, quantity=5}, RestaurantfoodDto{restaurant=1, foodName='McBurger', foodDescription='Classic 2', foodCategory=5, price=10, quantity=1}, RestaurantfoodDto{restaurant=1, foodName='McCoffee', foodDescription='Cafea', foodCategory=4, price=3, quantity=1}], price=38}
  2022-05-12 01:35:05 INFO  BuyerController:1511 - OrderWithDetailsDto{order=69, foodDtoList=[RestaurantfoodDto{restaurant=1, foodName='McBurger', foodDescription='Classic 2', foodCategory=5, price=10, quantity=2}], price=20}
  2022-05-12 01:35:05 INFO  BuyerController:1511 - OrderWithDetailsDto{order=70, foodDtoList=[RestaurantfoodDto{restaurant=1, foodName='McPuisor', foodDescription='Classic', foodCategory=5, price=5, quantity=3}, RestaurantfoodDto{restaurant=1, foodName='McBurger', foodDescription='Classic 2', foodCategory=5, price=10, quantity=1}, RestaurantfoodDto{restaurant=1, foodName='McCoffee', foodDescription='Cafea', foodCategory=4, price=3, quantity=1}], price=28}
  2022-05-12 01:35:11 INFO  RestaurantInformationController:47 - List of restaurants retrieved with the following information:
  2022-05-12 01:35:11 INFO  RestaurantInformationController:1511 - UserDto{email='mc@gmail.com', name='Mc', role=Restaurant, location=1}
  2022-05-12 01:35:11 INFO  RestaurantInformationController:1511 - UserDto{email='kfc@gmail.com', name='kfc', role=Restaurant, location=1}
  2022-05-12 01:35:11 INFO  RestaurantInformationController:1511 - UserDto{email='kfc2@gmail.com', name='Kfc Marasti', role=Restaurant, location=1}
  2022-05-12 01:35:11 INFO  RestaurantInformationController:1511 - UserDto{email='mateitavisss@gmail.com', name='Another Taste', role=Restaurant, location=1}
  2022-05-12 01:35:11 INFO  RestaurantInformationController:1511 - UserDto{email='imperial@gmail.com', name='Imperial', role=Restaurant, location=1}
  2022-05-12 01:35:11 INFO  BuyerController:43 - Called BuyerController::getAllOrders
  2022-05-12 01:35:11 INFO  OrderController:46 - Retrieved the list of food status:
  2022-05-12 01:35:11 INFO  OrderController:1511 - Status: DECLINED
  2022-05-12 01:35:11 INFO  OrderController:1511 - Status: PENDING
  2022-05-12 01:35:11 INFO  OrderController:1511 - Status: ACCEPTED
  2022-05-12 01:35:11 INFO  OrderController:1511 - Status: IN DELIVERY
  2022-05-12 01:35:11 INFO  OrderController:1511 - Status: DELIVERED
  2022-05-12 01:35:12 INFO  BuyerController:48 - Got all orders from user UserDto{email='mateitavis@gmail.com', name='Octavian', role=Buyer, location=1}with orders:
  2022-05-12 01:35:12 INFO  BuyerController:1511 - OrderWithDetailsDto{order=53, foodDtoList=[RestaurantfoodDto{restaurant=1, foodName='McBurger', foodDescription='Classic 2', foodCategory=5, price=10, quantity=6}], price=60}
  2022-05-12 01:35:12 INFO  BuyerController:1511 - OrderWithDetailsDto{order=54, foodDtoList=[RestaurantfoodDto{restaurant=1, foodName='McBurger', foodDescription='Classic 2', foodCategory=5, price=10, quantity=7}], price=70}
  2022-05-12 01:35:12 INFO  BuyerController:1511 - OrderWithDetailsDto{order=55, foodDtoList=[RestaurantfoodDto{restaurant=1, foodName='McPuisor', foodDescription='Classic', foodCategory=5, price=5, quantity=4}, RestaurantfoodDto{restaurant=1, foodName='McBurger', foodDescription='Classic 2', foodCategory=5, price=10, quantity=3}, RestaurantfoodDto{restaurant=1, foodName='McCoffee', foodDescription='Cafea', foodCategory=4, price=3, quantity=4}], price=62}
  2022-05-12 01:35:12 INFO  BuyerController:1511 - OrderWithDetailsDto{order=65, foodDtoList=[RestaurantfoodDto{restaurant=21, foodName='Imperial Lunch', foodDescription='A tasty stuff', foodCategory=2, price=100, quantity=1}, RestaurantfoodDto{restaurant=21, foodName='Sth', foodDescription='Da', foodCategory=1, price=10, quantity=1}], price=110}
  2022-05-12 01:35:12 INFO  BuyerController:1511 - OrderWithDetailsDto{order=66, foodDtoList=[RestaurantfoodDto{restaurant=21, foodName='Sth', foodDescription='Da', foodCategory=1, price=10, quantity=1}, RestaurantfoodDto{restaurant=21, foodName='Imperial Coffee', foodDescription='The very best', foodCategory=4, price=20, quantity=1}, RestaurantfoodDto{restaurant=21, foodName='Imperial Lunch', foodDescription='A tasty stuff', foodCategory=2, price=100, quantity=1}], price=130}
  2022-05-12 01:35:12 INFO  BuyerController:1511 - OrderWithDetailsDto{order=67, foodDtoList=[RestaurantfoodDto{restaurant=1, foodName='McPuisor', foodDescription='Classic', foodCategory=5, price=5, quantity=5}, RestaurantfoodDto{restaurant=1, foodName='McBurger', foodDescription='Classic 2', foodCategory=5, price=10, quantity=1}, RestaurantfoodDto{restaurant=1, foodName='McCoffee', foodDescription='Cafea', foodCategory=4, price=3, quantity=1}], price=38}
  2022-05-12 01:35:12 INFO  BuyerController:1511 - OrderWithDetailsDto{order=69, foodDtoList=[RestaurantfoodDto{restaurant=1, foodName='McBurger', foodDescription='Classic 2', foodCategory=5, price=10, quantity=2}], price=20}
  2022-05-12 01:35:12 INFO  BuyerController:1511 - OrderWithDetailsDto{order=70, foodDtoList=[RestaurantfoodDto{restaurant=1, foodName='McPuisor', foodDescription='Classic', foodCategory=5, price=5, quantity=3}, RestaurantfoodDto{restaurant=1, foodName='McBurger', foodDescription='Classic 2', foodCategory=5, price=10, quantity=1}, RestaurantfoodDto{restaurant=1, foodName='McCoffee', foodDescription='Cafea', foodCategory=4, price=3, quantity=1}], price=28}
  2022-05-12 01:35:13 INFO  BuyerController:71 - Called BuyerController::getOrdersWithStatus
  2022-05-12 01:35:13 INFO  BuyerController:76 - Got all orders from user UserDto{email='mateitavis@gmail.com', name='Octavian', role=Buyer, location=1}with orders:
  2022-05-12 01:35:13 INFO  BuyerController:1511 - OrderWithDetailsDto{order=53, foodDtoList=[RestaurantfoodDto{restaurant=1, foodName='McBurger', foodDescription='Classic 2', foodCategory=5, price=10, quantity=6}], price=60}
  2022-05-12 01:35:13 INFO  BuyerController:1511 - OrderWithDetailsDto{order=54, foodDtoList=[RestaurantfoodDto{restaurant=1, foodName='McBurger', foodDescription='Classic 2', foodCategory=5, price=10, quantity=7}], price=70}
  2022-05-12 01:35:13 INFO  BuyerController:1511 - OrderWithDetailsDto{order=55, foodDtoList=[RestaurantfoodDto{restaurant=1, foodName='McPuisor', foodDescription='Classic', foodCategory=5, price=5, quantity=4}, RestaurantfoodDto{restaurant=1, foodName='McBurger', foodDescription='Classic 2', foodCategory=5, price=10, quantity=3}, RestaurantfoodDto{restaurant=1, foodName='McCoffee', foodDescription='Cafea', foodCategory=4, price=3, quantity=4}], price=62}
  2022-05-12 01:35:13 INFO  BuyerController:1511 - OrderWithDetailsDto{order=65, foodDtoList=[RestaurantfoodDto{restaurant=21, foodName='Imperial Lunch', foodDescription='A tasty stuff', foodCategory=2, price=100, quantity=1}, RestaurantfoodDto{restaurant=21, foodName='Sth', foodDescription='Da', foodCategory=1, price=10, quantity=1}], price=110}
  2022-05-12 01:35:13 INFO  BuyerController:1511 - OrderWithDetailsDto{order=66, foodDtoList=[RestaurantfoodDto{restaurant=21, foodName='Sth', foodDescription='Da', foodCategory=1, price=10, quantity=1}, RestaurantfoodDto{restaurant=21, foodName='Imperial Coffee', foodDescription='The very best', foodCategory=4, price=20, quantity=1}, RestaurantfoodDto{restaurant=21, foodName='Imperial Lunch', foodDescription='A tasty stuff', foodCategory=2, price=100, quantity=1}], price=130}
  2022-05-12 01:35:13 INFO  BuyerController:1511 - OrderWithDetailsDto{order=67, foodDtoList=[RestaurantfoodDto{restaurant=1, foodName='McPuisor', foodDescription='Classic', foodCategory=5, price=5, quantity=5}, RestaurantfoodDto{restaurant=1, foodName='McBurger', foodDescription='Classic 2', foodCategory=5, price=10, quantity=1}, RestaurantfoodDto{restaurant=1, foodName='McCoffee', foodDescription='Cafea', foodCategory=4, price=3, quantity=1}], price=38}
  2022-05-12 01:35:13 INFO  BuyerController:1511 - OrderWithDetailsDto{order=69, foodDtoList=[RestaurantfoodDto{restaurant=1, foodName='McBurger', foodDescription='Classic 2', foodCategory=5, price=10, quantity=2}], price=20}
  2022-05-12 01:35:13 INFO  BuyerController:1511 - OrderWithDetailsDto{order=70, foodDtoList=[RestaurantfoodDto{restaurant=1, foodName='McPuisor', foodDescription='Classic', foodCategory=5, price=5, quantity=3}, RestaurantfoodDto{restaurant=1, foodName='McBurger', foodDescription='Classic 2', foodCategory=5, price=10, quantity=1}, RestaurantfoodDto{restaurant=1, foodName='McCoffee', foodDescription='Cafea', foodCategory=4, price=3, quantity=1}], price=28}
  2022-05-12 01:35:13 INFO  BuyerController:81 - Got all orders with status ACCEPTED from user UserDto{email='mateitavis@gmail.com', name='Octavian', role=Buyer, location=1}with orders:
  2022-05-12 01:35:15 INFO  BuyerController:71 - Called BuyerController::getOrdersWithStatus
  2022-05-12 01:35:15 INFO  BuyerController:76 - Got all orders from user UserDto{email='mateitavis@gmail.com', name='Octavian', role=Buyer, location=1}with orders:
  2022-05-12 01:35:15 INFO  BuyerController:1511 - OrderWithDetailsDto{order=53, foodDtoList=[RestaurantfoodDto{restaurant=1, foodName='McBurger', foodDescription='Classic 2', foodCategory=5, price=10, quantity=6}], price=60}
  2022-05-12 01:35:15 INFO  BuyerController:1511 - OrderWithDetailsDto{order=54, foodDtoList=[RestaurantfoodDto{restaurant=1, foodName='McBurger', foodDescription='Classic 2', foodCategory=5, price=10, quantity=7}], price=70}
  2022-05-12 01:35:15 INFO  BuyerController:1511 - OrderWithDetailsDto{order=55, foodDtoList=[RestaurantfoodDto{restaurant=1, foodName='McPuisor', foodDescription='Classic', foodCategory=5, price=5, quantity=4}, RestaurantfoodDto{restaurant=1, foodName='McBurger', foodDescription='Classic 2', foodCategory=5, price=10, quantity=3}, RestaurantfoodDto{restaurant=1, foodName='McCoffee', foodDescription='Cafea', foodCategory=4, price=3, quantity=4}], price=62}
  2022-05-12 01:35:15 INFO  BuyerController:1511 - OrderWithDetailsDto{order=65, foodDtoList=[RestaurantfoodDto{restaurant=21, foodName='Imperial Lunch', foodDescription='A tasty stuff', foodCategory=2, price=100, quantity=1}, RestaurantfoodDto{restaurant=21, foodName='Sth', foodDescription='Da', foodCategory=1, price=10, quantity=1}], price=110}
  2022-05-12 01:35:15 INFO  BuyerController:1511 - OrderWithDetailsDto{order=66, foodDtoList=[RestaurantfoodDto{restaurant=21, foodName='Sth', foodDescription='Da', foodCategory=1, price=10, quantity=1}, RestaurantfoodDto{restaurant=21, foodName='Imperial Coffee', foodDescription='The very best', foodCategory=4, price=20, quantity=1}, RestaurantfoodDto{restaurant=21, foodName='Imperial Lunch', foodDescription='A tasty stuff', foodCategory=2, price=100, quantity=1}], price=130}
  2022-05-12 01:35:15 INFO  BuyerController:1511 - OrderWithDetailsDto{order=67, foodDtoList=[RestaurantfoodDto{restaurant=1, foodName='McPuisor', foodDescription='Classic', foodCategory=5, price=5, quantity=5}, RestaurantfoodDto{restaurant=1, foodName='McBurger', foodDescription='Classic 2', foodCategory=5, price=10, quantity=1}, RestaurantfoodDto{restaurant=1, foodName='McCoffee', foodDescription='Cafea', foodCategory=4, price=3, quantity=1}], price=38}
  2022-05-12 01:35:15 INFO  BuyerController:1511 - OrderWithDetailsDto{order=69, foodDtoList=[RestaurantfoodDto{restaurant=1, foodName='McBurger', foodDescription='Classic 2', foodCategory=5, price=10, quantity=2}], price=20}
  2022-05-12 01:35:15 INFO  BuyerController:1511 - OrderWithDetailsDto{order=70, foodDtoList=[RestaurantfoodDto{restaurant=1, foodName='McPuisor', foodDescription='Classic', foodCategory=5, price=5, quantity=3}, RestaurantfoodDto{restaurant=1, foodName='McBurger', foodDescription='Classic 2', foodCategory=5, price=10, quantity=1}, RestaurantfoodDto{restaurant=1, foodName='McCoffee', foodDescription='Cafea', foodCategory=4, price=3, quantity=1}], price=28}
  2022-05-12 01:35:15 INFO  BuyerController:81 - Got all orders with status PENDING from user UserDto{email='mateitavis@gmail.com', name='Octavian', role=Buyer, location=1}with orders:
  2022-05-12 01:35:15 INFO  BuyerController:1511 - OrderWithDetailsDto{order=67, foodDtoList=[RestaurantfoodDto{restaurant=1, foodName='McPuisor', foodDescription='Classic', foodCategory=5, price=5, quantity=5}, RestaurantfoodDto{restaurant=1, foodName='McBurger', foodDescription='Classic 2', foodCategory=5, price=10, quantity=1}, RestaurantfoodDto{restaurant=1, foodName='McCoffee', foodDescription='Cafea', foodCategory=4, price=3, quantity=1}], price=38}
  2022-05-12 01:35:15 INFO  BuyerController:1511 - OrderWithDetailsDto{order=69, foodDtoList=[RestaurantfoodDto{restaurant=1, foodName='McBurger', foodDescription='Classic 2', foodCategory=5, price=10, quantity=2}], price=20}
  2022-05-12 01:35:15 INFO  BuyerController:1511 - OrderWithDetailsDto{order=70, foodDtoList=[RestaurantfoodDto{restaurant=1, foodName='McPuisor', foodDescription='Classic', foodCategory=5, price=5, quantity=3}, RestaurantfoodDto{restaurant=1, foodName='McBurger', foodDescription='Classic 2', foodCategory=5, price=10, quantity=1}, RestaurantfoodDto{restaurant=1, foodName='McCoffee', foodDescription='Cafea', foodCategory=4, price=3, quantity=1}], price=28}
  2022-05-12 01:35:15 INFO  RestaurantInformationController:47 - List of restaurants retrieved with the following information:
  2022-05-12 01:35:15 INFO  RestaurantInformationController:1511 - UserDto{email='mc@gmail.com', name='Mc', role=Restaurant, location=1}
  2022-05-12 01:35:15 INFO  RestaurantInformationController:1511 - UserDto{email='kfc@gmail.com', name='kfc', role=Restaurant, location=1}
  2022-05-12 01:35:15 INFO  RestaurantInformationController:1511 - UserDto{email='kfc2@gmail.com', name='Kfc Marasti', role=Restaurant, location=1}
  2022-05-12 01:35:15 INFO  RestaurantInformationController:1511 - UserDto{email='mateitavisss@gmail.com', name='Another Taste', role=Restaurant, location=1}
  2022-05-12 01:35:15 INFO  RestaurantInformationController:1511 - UserDto{email='imperial@gmail.com', name='Imperial', role=Restaurant, location=1}
  2022-05-12 01:35:17 INFO  RestaurantInformationController:74 - List of restaurants retrieved with the following information:
  2022-05-12 01:35:17 INFO  RestaurantInformationController:1511 - UserDto{email='mc@gmail.com', name='Mc', role=Restaurant, location=1}
  2022-05-12 01:35:17 INFO  RestaurantInformationController:1511 - UserDto{email='kfc2@gmail.com', name='Kfc Marasti', role=Restaurant, location=1}
  2022-05-12 01:35:17 INFO  RestaurantInformationController:1511 - UserDto{email='imperial@gmail.com', name='Imperial', role=Restaurant, location=1}
  2022-05-12 01:35:18 INFO  RestaurantInformationController:47 - List of restaurants retrieved with the following information:
  2022-05-12 01:35:18 INFO  RestaurantInformationController:1511 - UserDto{email='mc@gmail.com', name='Mc', role=Restaurant, location=1}
  2022-05-12 01:35:18 INFO  RestaurantInformationController:1511 - UserDto{email='kfc@gmail.com', name='kfc', role=Restaurant, location=1}
  2022-05-12 01:35:18 INFO  RestaurantInformationController:1511 - UserDto{email='kfc2@gmail.com', name='Kfc Marasti', role=Restaurant, location=1}
  2022-05-12 01:35:18 INFO  RestaurantInformationController:1511 - UserDto{email='mateitavisss@gmail.com', name='Another Taste', role=Restaurant, location=1}
  2022-05-12 01:35:18 INFO  RestaurantInformationController:1511 - UserDto{email='imperial@gmail.com', name='Imperial', role=Restaurant, location=1}
  