2022-04-25 17:20:01.548  INFO 4056 --- [main] com.backend.BackendApplication           : Starting BackendApplication using Java 17.0.2 on DESKTOP-SCLQTE9 with PID 4056 (D:\__UTCN\Anul_III_Sem_II\SD\FoodPanda_Project\Backend\target\classes started by matei in D:\__UTCN\Anul_III_Sem_II\SD\FoodPanda_Project\Backend)
2022-04-25 17:20:01.551  INFO 4056 --- [main] com.backend.BackendApplication           : No active profile set, falling back to 1 default profile: "default"
2022-04-25 17:20:02.045  INFO 4056 --- [main] .s.d.r.c.RepositoryConfigurationDelegate : Bootstrapping Spring Data JPA repositories in DEFAULT mode.
2022-04-25 17:20:02.104  INFO 4056 --- [main] .s.d.r.c.RepositoryConfigurationDelegate : Finished Spring Data repository scanning in 46 ms. Found 8 JPA repository interfaces.
2022-04-25 17:20:02.443  INFO 4056 --- [main] o.s.b.w.embedded.tomcat.TomcatWebServer  : Tomcat initialized with port(s): 8080 (http)
2022-04-25 17:20:02.448  INFO 4056 --- [main] o.apache.catalina.core.StandardService   : Starting service [Tomcat]
2022-04-25 17:20:02.449  INFO 4056 --- [main] org.apache.catalina.core.StandardEngine  : Starting Servlet engine: [Apache Tomcat/9.0.60]
2022-04-25 17:20:02.524  INFO 4056 --- [main] o.a.c.c.C.[.[.[/api/foodpanda]           : Initializing Spring embedded WebApplicationContext
2022-04-25 17:20:02.525  INFO 4056 --- [main] w.s.c.ServletWebServerApplicationContext : Root WebApplicationContext: initialization completed in 935 ms
2022-04-25 17:20:02.645  INFO 4056 --- [main] o.hibernate.jpa.internal.util.LogHelper  : HHH000204: Processing PersistenceUnitInfo [name: default]
2022-04-25 17:20:02.675  INFO 4056 --- [main] org.hibernate.Version                    : HHH000412: Hibernate ORM core version 5.6.7.Final
2022-04-25 17:20:02.757  INFO 4056 --- [main] o.hibernate.annotations.common.Version   : HCANN000001: Hibernate Commons Annotations {5.1.2.Final}
2022-04-25 17:20:02.812  INFO 4056 --- [main] com.zaxxer.hikari.HikariDataSource       : HikariPool-1 - Starting...
2022-04-25 17:20:02.906  INFO 4056 --- [main] com.zaxxer.hikari.HikariDataSource       : HikariPool-1 - Start completed.
2022-04-25 17:20:02.916  INFO 4056 --- [main] org.hibernate.dialect.Dialect            : HHH000400: Using dialect: org.hibernate.dialect.MySQL8Dialect
2022-04-25 17:20:03.339  INFO 4056 --- [main] o.h.e.t.j.p.i.JtaPlatformInitiator       : HHH000490: Using JtaPlatform implementation: [org.hibernate.engine.transaction.jta.platform.internal.NoJtaPlatform]
2022-04-25 17:20:03.344  INFO 4056 --- [main] j.LocalContainerEntityManagerFactoryBean : Initialized JPA EntityManagerFactory for persistence unit 'default'
2022-04-25 17:20:03.694  WARN 4056 --- [main] JpaBaseConfiguration$JpaWebConfiguration : spring.jpa.open-in-view is enabled by default. Therefore, database queries may be performed during view rendering. Explicitly configure spring.jpa.open-in-view to disable this warning
2022-04-25 17:20:03.928  INFO 4056 --- [main] o.s.s.web.DefaultSecurityFilterChain     : Will not secure any request
2022-04-25 17:20:04.184  INFO 4056 --- [main] o.s.b.w.embedded.tomcat.TomcatWebServer  : Tomcat started on port(s): 8080 (http) with context path '/api/foodpanda'
2022-04-25 17:20:04.192  INFO 4056 --- [main] com.backend.BackendApplication           : Started BackendApplication in 2.932 seconds (JVM running for 3.453)
2022-04-25 17:20:05.898  INFO 4056 --- [http-nio-8080-exec-1] o.a.c.c.C.[.[.[/api/foodpanda]           : Initializing Spring DispatcherServlet 'dispatcherServlet'
2022-04-25 17:20:05.899  INFO 4056 --- [http-nio-8080-exec-1] o.s.web.servlet.DispatcherServlet        : Initializing Servlet 'dispatcherServlet'
2022-04-25 17:20:05.899  INFO 4056 --- [http-nio-8080-exec-1] o.s.web.servlet.DispatcherServlet        : Completed initialization in 0 ms
2022-04-25 17:30:35.478  WARN 4056 --- [HikariPool-1 housekeeper] com.zaxxer.hikari.pool.HikariPool        : HikariPool-1 - Thread starvation or clock leap detected (housekeeper delta=8m2s410ms705µs800ns).
2022-04-25 18:07:20.523  WARN 4056 --- [HikariPool-1 housekeeper] com.zaxxer.hikari.pool.HikariPool        : HikariPool-1 - Thread starvation or clock leap detected (housekeeper delta=24m14s853ms559µs600ns).
